********************************************************************************
DUPLICATOR-LITE PACKAGE-LOG: 5 February, 2019 11:11 pm
NOTICE: Do NOT post to public sites or forums 
********************************************************************************
VERSION:	1.3.4
WORDPRESS:	5.0.3
PHP INFO:	7.2.10 | SAPI: apache2handler
SERVER:		Apache/2.2.34 (Unix) mod_wsgi/3.5 Python/2.7.13 PHP/7.2.10 mod_ssl/2.2.34 OpenSSL/1.0.2o DAV/2 mod_fastcgi/mod_fastcgi-SNAP-0910052141 mod_perl/2.0.9 Perl/v5.24.0 
PHP TIME LIMIT: (0) no time limit imposed 
PHP MAX MEMORY: 2048M (128M default) 
MEMORY STACK: 6.25MB 

********************************************************************************
DATABASE:
********************************************************************************
BUILD MODE:   PHP(query limit - 100)
MYSQLTIMEOUT: 5000
MYSQLDUMP:    Not Supported 
TABLES: total:29 | filtered:0 | create:29 
FILTERED: [] 
SQL CREATED: 20190205_puertonatura_1e9aaeab77d3d0f61620_20190205231138_database.sql 
SQL FILE SIZE: 1.83MB (1915170) 
SQL FILE TIME: 2019-02-05 23:11:56 
SQL RUNTIME: 1.64 sec. 

******************************************************************************** 
ARCHIVE (ZIP): 
******************************************************************************** 
ARCHIVE DIR:  /Users/maoh/front/pruebawp 
ARCHIVE FILE: 20190205_puertonatura_1e9aaeab77d3d0f61620_20190205231138_archive.zip 
FILTERS: *OFF* 
DIRS:
	not set 
FILES:
	not set 
EXTS:  not set 
---------------------------------------- 
COMPRESSING 
SIZE:	145.46MB 
STATS:	Dirs 1,078 | Files 7,853 
SQL ADDED: 20190205_puertonatura_1e9aaeab77d3d0f61620_20190205231138_database.sql 
ZipArchive Object
(
    [status] => 0
    [statusSys] => 0
    [numFiles] => 8931
    [filename] => /Users/maoh/front/pruebawp/wp-snapshots/tmp/20190205_puertonatura_1e9aaeab77d3d0f61620_20190205231138_archive.zip
    [comment] => 
)
 
COMPRESSION RESULT: '1' 
COMPRESSED SIZE: 58.84MB 
ARCHIVE RUNTIME: 42.93 sec. 
MEMORY STACK: 8.25MB 
building installer 
add_extra_files1 
add_extra_files2 
add_extra_files3 
add_extra_files4 
Doing archive file check 
add_extra_files5 
add_extra_files6 
add_extra_files8 
Successfully opened zip /Users/maoh/front/pruebawp/wp-snapshots/tmp/20190205_puertonatura_1e9aaeab77d3d0f61620_20190205231138_archive.zip 
Adding enhanced installer files to archive using ZipArchive 
Installer files added to archive 
Added to archive 
After ziparchive close when adding installer 

******************************************************************************** 
INTEGRITY CHECKS: 
******************************************************************************** 
SQL File: 1.83MB 
Installer File: 34.62KB 
Archive File: 59.71MB  

********************************************************************************
RECORD ID:[1]
TOTAL PROCESS RUNTIME: 48.25 sec.
PEAK PHP MEMORY USED: 8.25MB
DONE PROCESSING => 20190205_puertonatura 5 February, 2019 11:12 pm
 
